This file contains any messages produced by compilers while
running configure, to aid debugging if configure makes a mistake.

It was created by openocd configure 0.10.0.3-imagination, which was
generated by GNU Autoconf 2.69.  Invocation command line was

  $ ../configure --host=mips-linux-gnu --build=x86_64-linux --prefix=/home/guest/ysyuan/ingenic-openocd/build --enable-x1000

## --------- ##
## Platform. ##
## --------- ##

hostname = cpu
uname -m = x86_64
uname -r = 3.8.0-29-generic
uname -s = Linux
uname -v = #42~precise1-Ubuntu SMP Wed Aug 14 16:19:23 UTC 2013

/usr/bin/uname -p = unknown
/bin/uname -X     = unknown

/bin/arch              = unknown
/usr/bin/arch -k       = unknown
/usr/convex/getsysinfo = unknown
/usr/bin/hostinfo      = unknown
/bin/machine           = unknown
/usr/bin/oslevel       = unknown
/bin/universe          = unknown

PATH: /home/guest/bin
PATH: /home/tools/ingenic/mips-elf520-msa/mips-sde-elf/bin
PATH: /home/tools/ingenic/mips-gcc472-glibc216/bin
PATH: .
PATH: /usr/local/sbin
PATH: /usr/local/bin
PATH: /usr/sbin
PATH: /usr/bin
PATH: /sbin
PATH: /bin
PATH: /usr/games
PATH: /usr/bin
PATH: /home/guest/bin


## ----------- ##
## Core tests. ##
## ----------- ##

configure:2592: checking for makeinfo
configure:2608: found /usr/bin/makeinfo
configure:2619: result: makeinfo
configure:2679: checking for a BSD-compatible install
configure:2747: result: /usr/bin/install -c
configure:2758: checking whether build environment is sane
configure:2813: result: yes
configure:2872: checking for mips-linux-gnu-strip
configure:2888: found /home/tools/ingenic/mips-gcc472-glibc216/bin/mips-linux-gnu-strip
configure:2899: result: mips-linux-gnu-strip
configure:2964: checking for a thread-safe mkdir -p
configure:3003: result: /bin/mkdir -p
configure:3010: checking for gawk
configure:3026: found /usr/bin/gawk
configure:3037: result: gawk
configure:3048: checking whether make sets $(MAKE)
configure:3070: result: yes
configure:3099: checking whether make supports nested variables
configure:3116: result: yes
configure:3261: checking for mips-linux-gnu-gcc
configure:3277: found /home/tools/ingenic/mips-gcc472-glibc216/bin/mips-linux-gnu-gcc
configure:3288: result: mips-linux-gnu-gcc
configure:3557: checking for C compiler version
configure:3566: mips-linux-gnu-gcc --version >&5
mips-linux-gnu-gcc (Ingenic 2015.02) 4.7.2
Copyright (C) 2012 Free Software Foundation, Inc.
This is free software; see the source for copying conditions.  There is NO
warranty; not even for MERCHANTABILITY or FITNESS FOR A PARTICULAR PURPOSE.

configure:3577: $? = 0
configure:3566: mips-linux-gnu-gcc -v >&5
Using built-in specs.
COLLECT_GCC=mips-linux-gnu-gcc
COLLECT_LTO_WRAPPER=/home/tools/ingenic/mips-gcc472-glibc216/bin/../libexec/gcc/mips-linux-gnu/4.7.2/lto-wrapper
Target: mips-linux-gnu
Configured with: /home/toolchains/r2.2/src/gcc-4.7-2012.09/configure --build=i686-pc-linux-gnu --host=i686-pc-linux-gnu --target=mips-linux-gnu --enable-threads --disable-libmudflap --disable-libssp --disable-libstdcxx-pch --with-arch-32=mips32r2 --with-float=hard --with-mips-plt --enable-extra-sgxxlite-multilibs --with-gnu-as --with-gnu-ld --with-specs='%{save-temps: -fverbose-asm} -D__CS_SOURCERYGXX_MAJ__=2012 -D__CS_SOURCERYGXX_MIN__=9 -D__CS_SOURCERYGXX_REV__=99' --enable-languages=c,c++,fortran --enable-shared --enable-lto --enable-symvers=gnu --enable-__cxa_atexit --with-pkgversion='Ingenic 2015.02' --disable-nls --prefix=/home/toolchains/r2.2/install --with-sysroot=/home/toolchains/r2.2/install/mips-linux-gnu/libc --with-build-sysroot=/home/toolchains/r2.2/install/mips-linux-gnu/libc --with-gmp=/home/toolchains/r2.2/obj/pkg-2012.09-99-mips-linux-gnu/mips-2012.09-99-mips-linux-gnu.extras/host-libs-i686-pc-linux-gnu/usr --with-mpfr=/home/toolchains/r2.2/obj/pkg-2012.09-99-mips-linux-gnu/mips-2012.09-99-mips-linux-gnu.extras/host-libs-i686-pc-linux-gnu/usr --with-mpc=/home/toolchains/r2.2/obj/pkg-2012.09-99-mips-linux-gnu/mips-2012.09-99-mips-linux-gnu.extras/host-libs-i686-pc-linux-gnu/usr --with-ppl=/home/toolchains/r2.2/obj/pkg-2012.09-99-mips-linux-gnu/mips-2012.09-99-mips-linux-gnu.extras/host-libs-i686-pc-linux-gnu/usr --with-host-libstdcxx='-static-libgcc -Wl,-Bstatic,-lstdc++,-Bdynamic -lm' --with-cloog=/home/toolchains/r2.2/obj/pkg-2012.09-99-mips-linux-gnu/mips-2012.09-99-mips-linux-gnu.extras/host-libs-i686-pc-linux-gnu/usr --with-libelf=/home/toolchains/r2.2/obj/pkg-2012.09-99-mips-linux-gnu/mips-2012.09-99-mips-linux-gnu.extras/host-libs-i686-pc-linux-gnu/usr --disable-libgomp --disable-libitm --enable-poison-system-directories --with-build-time-tools=/home/toolchains/r2.2/install/mips-linux-gnu/bin
Thread model: posix
gcc version 4.7.2 (Ingenic 2015.02) 
configure:3577: $? = 0
configure:3566: mips-linux-gnu-gcc -V >&5
mips-linux-gnu-gcc: error: unrecognized command line option '-V'
mips-linux-gnu-gcc: fatal error: no input files
compilation terminated.
configure:3577: $? = 1
configure:3566: mips-linux-gnu-gcc -qversion >&5
mips-linux-gnu-gcc: error: unrecognized command line option '-qversion'
mips-linux-gnu-gcc: fatal error: no input files
compilation terminated.
configure:3577: $? = 1
configure:3597: checking whether the C compiler works
configure:3619: mips-linux-gnu-gcc    conftest.c  >&5
configure:3623: $? = 0
configure:3671: result: yes
configure:3674: checking for C compiler default output file name
configure:3676: result: a.out
configure:3682: checking for suffix of executables
configure:3689: mips-linux-gnu-gcc -o conftest    conftest.c  >&5
configure:3693: $? = 0
configure:3715: result: 
configure:3737: checking whether we are cross compiling
configure:3775: result: yes
configure:3780: checking for suffix of object files
configure:3802: mips-linux-gnu-gcc -c   conftest.c >&5
configure:3806: $? = 0
configure:3827: result: o
configure:3831: checking whether we are using the GNU C compiler
configure:3850: mips-linux-gnu-gcc -c   conftest.c >&5
configure:3850: $? = 0
configure:3859: result: yes
configure:3868: checking whether mips-linux-gnu-gcc accepts -g
configure:3888: mips-linux-gnu-gcc -c -g  conftest.c >&5
configure:3888: $? = 0
configure:3929: result: yes
configure:3946: checking for mips-linux-gnu-gcc option to accept ISO C89
configure:4009: mips-linux-gnu-gcc  -c -g -O2  conftest.c >&5
configure:4009: $? = 0
configure:4022: result: none needed
configure:4047: checking whether mips-linux-gnu-gcc understands -c and -o together
configure:4069: mips-linux-gnu-gcc -c conftest.c -o conftest2.o
configure:4072: $? = 0
configure:4069: mips-linux-gnu-gcc -c conftest.c -o conftest2.o
configure:4072: $? = 0
configure:4084: result: yes
configure:4112: checking for style of include used by make
configure:4140: result: GNU
configure:4166: checking dependency style of mips-linux-gnu-gcc
configure:4277: result: gcc3
configure:4292: checking for mips-linux-gnu-gcc option to accept ISO C99
configure:4441: mips-linux-gnu-gcc  -c -g -O2  conftest.c >&5
conftest.c:61:29: error: expected ';', ',' or ')' before 'text'
conftest.c: In function 'main':
conftest.c:115:18: error: expected '=', ',', ';', 'asm' or '__attribute__' before 'newvar'
conftest.c:115:18: error: 'newvar' undeclared (first use in this function)
conftest.c:115:18: note: each undeclared identifier is reported only once for each function it appears in
conftest.c:125:3: error: 'for' loop initial declarations are only allowed in C99 mode
conftest.c:125:3: note: use option -std=c99 or -std=gnu99 to compile your code
configure:4441: $? = 1
configure: failed program was:
| /* confdefs.h */
| #define PACKAGE_NAME "openocd"
| #define PACKAGE_TARNAME "openocd"
| #define PACKAGE_VERSION "0.10.0.3-imagination"
| #define PACKAGE_STRING "openocd 0.10.0.3-imagination"
| #define PACKAGE_BUGREPORT "OpenOCD Mailing List <openocd-devel@lists.sourceforge.net>"
| #define PACKAGE_URL ""
| #define PACKAGE "openocd"
| #define VERSION "0.10.0.3-imagination"
| /* end confdefs.h.  */
| #include <stdarg.h>
| #include <stdbool.h>
| #include <stdlib.h>
| #include <wchar.h>
| #include <stdio.h>
| 
| // Check varargs macros.  These examples are taken from C99 6.10.3.5.
| #define debug(...) fprintf (stderr, __VA_ARGS__)
| #define showlist(...) puts (#__VA_ARGS__)
| #define report(test,...) ((test) ? puts (#test) : printf (__VA_ARGS__))
| static void
| test_varargs_macros (void)
| {
|   int x = 1234;
|   int y = 5678;
|   debug ("Flag");
|   debug ("X = %d\n", x);
|   showlist (The first, second, and third items.);
|   report (x>y, "x is %d but y is %d", x, y);
| }
| 
| // Check long long types.
| #define BIG64 18446744073709551615ull
| #define BIG32 4294967295ul
| #define BIG_OK (BIG64 / BIG32 == 4294967297ull && BIG64 % BIG32 == 0)
| #if !BIG_OK
|   your preprocessor is broken;
| #endif
| #if BIG_OK
| #else
|   your preprocessor is broken;
| #endif
| static long long int bignum = -9223372036854775807LL;
| static unsigned long long int ubignum = BIG64;
| 
| struct incomplete_array
| {
|   int datasize;
|   double data[];
| };
| 
| struct named_init {
|   int number;
|   const wchar_t *name;
|   double average;
| };
| 
| typedef const char *ccp;
| 
| static inline int
| test_restrict (ccp restrict text)
| {
|   // See if C++-style comments work.
|   // Iterate through items via the restricted pointer.
|   // Also check for declarations in for loops.
|   for (unsigned int i = 0; *(text+i) != '\0'; ++i)
|     continue;
|   return 0;
| }
| 
| // Check varargs and va_copy.
| static void
| test_varargs (const char *format, ...)
| {
|   va_list args;
|   va_start (args, format);
|   va_list args_copy;
|   va_copy (args_copy, args);
| 
|   const char *str;
|   int number;
|   float fnumber;
| 
|   while (*format)
|     {
|       switch (*format++)
| 	{
| 	case 's': // string
| 	  str = va_arg (args_copy, const char *);
| 	  break;
| 	case 'd': // int
| 	  number = va_arg (args_copy, int);
| 	  break;
| 	case 'f': // float
| 	  fnumber = va_arg (args_copy, double);
| 	  break;
| 	default:
| 	  break;
| 	}
|     }
|   va_end (args_copy);
|   va_end (args);
| }
| 
| int
| main ()
| {
| 
|   // Check bool.
|   _Bool success = false;
| 
|   // Check restrict.
|   if (test_restrict ("String literal") == 0)
|     success = true;
|   char *restrict newvar = "Another string";
| 
|   // Check varargs.
|   test_varargs ("s, d' f .", "string", 65, 34.234);
|   test_varargs_macros ();
| 
|   // Check flexible array members.
|   struct incomplete_array *ia =
|     malloc (sizeof (struct incomplete_array) + (sizeof (double) * 10));
|   ia->datasize = 10;
|   for (int i = 0; i < ia->datasize; ++i)
|     ia->data[i] = i * 1.234;
| 
|   // Check named initializers.
|   struct named_init ni = {
|     .number = 34,
|     .name = L"Test wide string",
|     .average = 543.34343,
|   };
| 
|   ni.number = 58;
| 
|   int dynamic_array[ni.number];
|   dynamic_array[ni.number - 1] = 543;
| 
|   // work around unused variable warnings
|   return (!success || bignum == 0LL || ubignum == 0uLL || newvar[0] == 'x'
| 	  || dynamic_array[ni.number - 1] != 543);
| 
|   ;
|   return 0;
| }
configure:4441: mips-linux-gnu-gcc -std=gnu99 -c -g -O2  conftest.c >&5
configure:4441: $? = 0
configure:4461: result: -std=gnu99
configure:4473: checking for mips-linux-gnu-ranlib
configure:4489: found /home/tools/ingenic/mips-gcc472-glibc216/bin/mips-linux-gnu-ranlib
configure:4500: result: mips-linux-gnu-ranlib
configure:4573: checking for mips-linux-gnu-pkg-config
configure:4606: result: no
configure:4616: checking for pkg-config
configure:4634: found /usr/bin/pkg-config
configure:4646: result: /usr/bin/pkg-config
configure:4658: WARNING: using cross tools not prefixed with host triplet
configure:4671: checking pkg-config is at least version 0.23
configure:4674: result: yes
configure:4746: checking build system type
configure:4760: result: x86_64-pc-linux-gnu
configure:4780: checking host system type
configure:4793: result: mips-unknown-linux-gnu
configure:4834: checking how to print strings
configure:4861: result: printf
configure:4882: checking for a sed that does not truncate output
configure:4946: result: /bin/sed
configure:4964: checking for grep that handles long lines and -e
configure:5022: result: /bin/grep
configure:5027: checking for egrep
configure:5089: result: /bin/grep -E
configure:5094: checking for fgrep
configure:5156: result: /bin/grep -F
configure:5191: checking for ld used by mips-linux-gnu-gcc -std=gnu99
configure:5258: result: /home/tools/ingenic/mips-gcc472-glibc216/mips-linux-gnu/bin/ld
configure:5265: checking if the linker (/home/tools/ingenic/mips-gcc472-glibc216/mips-linux-gnu/bin/ld) is GNU ld
configure:5280: result: yes
configure:5292: checking for BSD- or MS-compatible name lister (nm)
configure:5346: result: /home/tools/ingenic/mips-gcc472-glibc216/bin/mips-linux-gnu-nm -B
configure:5476: checking the name lister (/home/tools/ingenic/mips-gcc472-glibc216/bin/mips-linux-gnu-nm -B) interface
configure:5483: mips-linux-gnu-gcc -std=gnu99 -c -g -O2  conftest.c >&5
configure:5486: /home/tools/ingenic/mips-gcc472-glibc216/bin/mips-linux-gnu-nm -B "conftest.o"
configure:5489: output
00000000 B some_variable
configure:5496: result: BSD nm
configure:5499: checking whether ln -s works
configure:5503: result: yes
configure:5511: checking the maximum length of command line arguments
configure:5642: result: 1572864
configure:5690: checking how to convert x86_64-pc-linux-gnu file names to mips-unknown-linux-gnu format
configure:5730: result: func_convert_file_noop
configure:5737: checking how to convert x86_64-pc-linux-gnu file names to toolchain format
configure:5757: result: func_convert_file_noop
configure:5764: checking for /home/tools/ingenic/mips-gcc472-glibc216/mips-linux-gnu/bin/ld option to reload object files
configure:5771: result: -r
configure:5805: checking for mips-linux-gnu-objdump
configure:5821: found /home/tools/ingenic/mips-gcc472-glibc216/bin/mips-linux-gnu-objdump
configure:5832: result: mips-linux-gnu-objdump
configure:5904: checking how to recognize dependent libraries
configure:6104: result: pass_all
configure:6149: checking for mips-linux-gnu-dlltool
configure:6179: result: no
configure:6189: checking for dlltool
configure:6219: result: no
configure:6249: checking how to associate runtime and link libraries
configure:6276: result: printf %s\n
configure:6293: checking for mips-linux-gnu-ar
configure:6309: found /home/tools/ingenic/mips-gcc472-glibc216/bin/mips-linux-gnu-ar
configure:6320: result: mips-linux-gnu-ar
configure:6401: checking for archiver @FILE support
configure:6418: mips-linux-gnu-gcc -std=gnu99 -c -g -O2  conftest.c >&5
configure:6418: $? = 0
configure:6421: mips-linux-gnu-ar cru libconftest.a @conftest.lst >&5
configure:6424: $? = 0
configure:6429: mips-linux-gnu-ar cru libconftest.a @conftest.lst >&5
mips-linux-gnu-ar: conftest.o: No such file or directory
configure:6432: $? = 1
configure:6444: result: @
configure:6462: checking for mips-linux-gnu-strip
configure:6489: result: mips-linux-gnu-strip
configure:6561: checking for mips-linux-gnu-ranlib
configure:6588: result: mips-linux-gnu-ranlib
configure:6730: checking command to parse /home/tools/ingenic/mips-gcc472-glibc216/bin/mips-linux-gnu-nm -B output from mips-linux-gnu-gcc -std=gnu99 object
configure:6883: mips-linux-gnu-gcc -std=gnu99 -c -g -O2  conftest.c >&5
configure:6886: $? = 0
configure:6890: /home/tools/ingenic/mips-gcc472-glibc216/bin/mips-linux-gnu-nm -B conftest.o \| sed -n -e 's/^.*[ ]\([ABCDGIRSTW][ABCDGIRSTW]*\)[ ][ ]*\([_A-Za-z][_A-Za-z0-9]*\)$/\1 \2 \2/p' | sed '/ __gnu_lto/d' \> conftest.nm
configure:6893: $? = 0
configure:6959: mips-linux-gnu-gcc -std=gnu99 -o conftest -g -O2   conftest.c conftstm.o >&5
configure:6962: $? = 0
configure:7000: result: ok
configure:7047: checking for sysroot
configure:7077: result: no
configure:7084: checking for a working dd
configure:7122: result: /bin/dd
configure:7126: checking how to truncate binary pipes
configure:7141: result: /bin/dd bs=4096 count=1
configure:7430: checking for mips-linux-gnu-mt
configure:7460: result: no
configure:7470: checking for mt
configure:7486: found /bin/mt
configure:7497: result: mt
configure:7520: checking if mt is a manifest tool
configure:7526: mt '-?'
configure:7534: result: no
configure:8211: checking how to run the C preprocessor
configure:8242: mips-linux-gnu-gcc -std=gnu99 -E  conftest.c
configure:8242: $? = 0
configure:8256: mips-linux-gnu-gcc -std=gnu99 -E  conftest.c
conftest.c:11:28: fatal error: ac_nonexistent.h: No such file or directory
compilation terminated.
configure:8256: $? = 1
configure: failed program was:
| /* confdefs.h */
| #define PACKAGE_NAME "openocd"
| #define PACKAGE_TARNAME "openocd"
| #define PACKAGE_VERSION "0.10.0.3-imagination"
| #define PACKAGE_STRING "openocd 0.10.0.3-imagination"
| #define PACKAGE_BUGREPORT "OpenOCD Mailing List <openocd-devel@lists.sourceforge.net>"
| #define PACKAGE_URL ""
| #define PACKAGE "openocd"
| #define VERSION "0.10.0.3-imagination"
| /* end confdefs.h.  */
| #include <ac_nonexistent.h>
configure:8281: result: mips-linux-gnu-gcc -std=gnu99 -E
configure:8301: mips-linux-gnu-gcc -std=gnu99 -E  conftest.c
configure:8301: $? = 0
configure:8315: mips-linux-gnu-gcc -std=gnu99 -E  conftest.c
conftest.c:11:28: fatal error: ac_nonexistent.h: No such file or directory
compilation terminated.
configure:8315: $? = 1
configure: failed program was:
| /* confdefs.h */
| #define PACKAGE_NAME "openocd"
| #define PACKAGE_TARNAME "openocd"
| #define PACKAGE_VERSION "0.10.0.3-imagination"
| #define PACKAGE_STRING "openocd 0.10.0.3-imagination"
| #define PACKAGE_BUGREPORT "OpenOCD Mailing List <openocd-devel@lists.sourceforge.net>"
| #define PACKAGE_URL ""
| #define PACKAGE "openocd"
| #define VERSION "0.10.0.3-imagination"
| /* end confdefs.h.  */
| #include <ac_nonexistent.h>
configure:8344: checking for ANSI C header files
configure:8364: mips-linux-gnu-gcc -std=gnu99 -c -g -O2  conftest.c >&5
configure:8364: $? = 0
configure:8448: result: yes
configure:8461: checking for sys/types.h
configure:8461: mips-linux-gnu-gcc -std=gnu99 -c -g -O2  conftest.c >&5
configure:8461: $? = 0
configure:8461: result: yes
configure:8461: checking for sys/stat.h
configure:8461: mips-linux-gnu-gcc -std=gnu99 -c -g -O2  conftest.c >&5
configure:8461: $? = 0
configure:8461: result: yes
configure:8461: checking for stdlib.h
configure:8461: mips-linux-gnu-gcc -std=gnu99 -c -g -O2  conftest.c >&5
configure:8461: $? = 0
configure:8461: result: yes
configure:8461: checking for string.h
configure:8461: mips-linux-gnu-gcc -std=gnu99 -c -g -O2  conftest.c >&5
configure:8461: $? = 0
configure:8461: result: yes
configure:8461: checking for memory.h
configure:8461: mips-linux-gnu-gcc -std=gnu99 -c -g -O2  conftest.c >&5
configure:8461: $? = 0
configure:8461: result: yes
configure:8461: checking for strings.h
configure:8461: mips-linux-gnu-gcc -std=gnu99 -c -g -O2  conftest.c >&5
configure:8461: $? = 0
configure:8461: result: yes
configure:8461: checking for inttypes.h
configure:8461: mips-linux-gnu-gcc -std=gnu99 -c -g -O2  conftest.c >&5
configure:8461: $? = 0
configure:8461: result: yes
configure:8461: checking for stdint.h
configure:8461: mips-linux-gnu-gcc -std=gnu99 -c -g -O2  conftest.c >&5
configure:8461: $? = 0
configure:8461: result: yes
configure:8461: checking for unistd.h
configure:8461: mips-linux-gnu-gcc -std=gnu99 -c -g -O2  conftest.c >&5
configure:8461: $? = 0
configure:8461: result: yes
configure:8475: checking for dlfcn.h
configure:8475: mips-linux-gnu-gcc -std=gnu99 -c -g -O2  conftest.c >&5
configure:8475: $? = 0
configure:8475: result: yes
configure:8701: checking for objdir
configure:8716: result: .libs
configure:8976: checking if mips-linux-gnu-gcc -std=gnu99 supports -fno-rtti -fno-exceptions
configure:8994: mips-linux-gnu-gcc -std=gnu99 -c -g -O2  -fno-rtti -fno-exceptions conftest.c >&5
cc1: warning: command line option '-fno-rtti' is valid for C++/ObjC++ but not for C [enabled by default]
configure:8998: $? = 0
configure:9011: result: no
configure:9369: checking for mips-linux-gnu-gcc -std=gnu99 option to produce PIC
configure:9376: result: -fPIC -DPIC
configure:9384: checking if mips-linux-gnu-gcc -std=gnu99 PIC flag -fPIC -DPIC works
configure:9402: mips-linux-gnu-gcc -std=gnu99 -c -g -O2  -fPIC -DPIC -DPIC conftest.c >&5
configure:9406: $? = 0
configure:9419: result: yes
configure:9448: checking if mips-linux-gnu-gcc -std=gnu99 static flag -static works
configure:9476: result: yes
configure:9491: checking if mips-linux-gnu-gcc -std=gnu99 supports -c -o file.o
configure:9512: mips-linux-gnu-gcc -std=gnu99 -c -g -O2  -o out/conftest2.o conftest.c >&5
configure:9516: $? = 0
configure:9538: result: yes
configure:9546: checking if mips-linux-gnu-gcc -std=gnu99 supports -c -o file.o
configure:9593: result: yes
configure:9626: checking whether the mips-linux-gnu-gcc -std=gnu99 linker (/home/tools/ingenic/mips-gcc472-glibc216/mips-linux-gnu/bin/ld) supports shared libraries
configure:10889: result: yes
configure:11129: checking dynamic linker characteristics
configure:11710: mips-linux-gnu-gcc -std=gnu99 -o conftest -g -O2   -Wl,-rpath -Wl,/foo conftest.c  >&5
configure:11710: $? = 0
configure:11959: result: GNU/Linux ld.so
configure:12081: checking how to hardcode library paths into programs
configure:12106: result: immediate
configure:12654: checking whether stripping libraries is possible
configure:12659: result: yes
configure:12694: checking if libtool supports shared libraries
configure:12696: result: yes
configure:12699: checking whether to build shared libraries
configure:12724: result: no
configure:12727: checking whether to build static libraries
configure:12731: result: yes
configure:12770: checking for an ANSI C-conforming const
configure:12836: mips-linux-gnu-gcc -std=gnu99 -c -g -O2  conftest.c >&5
configure:12836: $? = 0
configure:12843: result: yes
configure:12852: checking for unsigned long long int
configure:12900: result: yes
configure:12910: checking for long long int
configure:12960: result: yes
configure:12969: checking for library containing ioperm
configure:13000: mips-linux-gnu-gcc -std=gnu99 -o conftest -g -O2   conftest.c  >&5
/tmp/ccaN1ojU.o: In function `main':
/home/guest/ysyuan/ingenic-openocd/build/conftest.c:36: undefined reference to `ioperm'
collect2: error: ld returned 1 exit status
configure:13000: $? = 1
configure: failed program was:
| /* confdefs.h */
| #define PACKAGE_NAME "openocd"
| #define PACKAGE_TARNAME "openocd"
| #define PACKAGE_VERSION "0.10.0.3-imagination"
| #define PACKAGE_STRING "openocd 0.10.0.3-imagination"
| #define PACKAGE_BUGREPORT "OpenOCD Mailing List <openocd-devel@lists.sourceforge.net>"
| #define PACKAGE_URL ""
| #define PACKAGE "openocd"
| #define VERSION "0.10.0.3-imagination"
| #define STDC_HEADERS 1
| #define HAVE_SYS_TYPES_H 1
| #define HAVE_SYS_STAT_H 1
| #define HAVE_STDLIB_H 1
| #define HAVE_STRING_H 1
| #define HAVE_MEMORY_H 1
| #define HAVE_STRINGS_H 1
| #define HAVE_INTTYPES_H 1
| #define HAVE_STDINT_H 1
| #define HAVE_UNISTD_H 1
| #define HAVE_DLFCN_H 1
| #define LT_OBJDIR ".libs/"
| #define HAVE_UNSIGNED_LONG_LONG_INT 1
| #define HAVE_LONG_LONG_INT 1
| /* end confdefs.h.  */
| 
| /* Override any GCC internal prototype to avoid an error.
|    Use char because int might match the return type of a GCC
|    builtin and then its argument prototype would still apply.  */
| #ifdef __cplusplus
| extern "C"
| #endif
| char ioperm ();
| int
| main ()
| {
| return ioperm ();
|   ;
|   return 0;
| }
configure:13000: mips-linux-gnu-gcc -std=gnu99 -o conftest -g -O2   conftest.c -lioperm   >&5
/home/tools/ingenic/mips-gcc472-glibc216/bin/../lib/gcc/mips-linux-gnu/4.7.2/../../../../mips-linux-gnu/bin/ld: cannot find -lioperm
collect2: error: ld returned 1 exit status
configure:13000: $? = 1
configure: failed program was:
| /* confdefs.h */
| #define PACKAGE_NAME "openocd"
| #define PACKAGE_TARNAME "openocd"
| #define PACKAGE_VERSION "0.10.0.3-imagination"
| #define PACKAGE_STRING "openocd 0.10.0.3-imagination"
| #define PACKAGE_BUGREPORT "OpenOCD Mailing List <openocd-devel@lists.sourceforge.net>"
| #define PACKAGE_URL ""
| #define PACKAGE "openocd"
| #define VERSION "0.10.0.3-imagination"
| #define STDC_HEADERS 1
| #define HAVE_SYS_TYPES_H 1
| #define HAVE_SYS_STAT_H 1
| #define HAVE_STDLIB_H 1
| #define HAVE_STRING_H 1
| #define HAVE_MEMORY_H 1
| #define HAVE_STRINGS_H 1
| #define HAVE_INTTYPES_H 1
| #define HAVE_STDINT_H 1
| #define HAVE_UNISTD_H 1
| #define HAVE_DLFCN_H 1
| #define LT_OBJDIR ".libs/"
| #define HAVE_UNSIGNED_LONG_LONG_INT 1
| #define HAVE_LONG_LONG_INT 1
| /* end confdefs.h.  */
| 
| /* Override any GCC internal prototype to avoid an error.
|    Use char because int might match the return type of a GCC
|    builtin and then its argument prototype would still apply.  */
| #ifdef __cplusplus
| extern "C"
| #endif
| char ioperm ();
| int
| main ()
| {
| return ioperm ();
|   ;
|   return 0;
| }
configure:13017: result: no
configure:13025: checking for library containing dlopen
configure:13056: mips-linux-gnu-gcc -std=gnu99 -o conftest -g -O2   conftest.c  >&5
/tmp/ccgil3OV.o: In function `main':
/home/guest/ysyuan/ingenic-openocd/build/conftest.c:36: undefined reference to `dlopen'
collect2: error: ld returned 1 exit status
configure:13056: $? = 1
configure: failed program was:
| /* confdefs.h */
| #define PACKAGE_NAME "openocd"
| #define PACKAGE_TARNAME "openocd"
| #define PACKAGE_VERSION "0.10.0.3-imagination"
| #define PACKAGE_STRING "openocd 0.10.0.3-imagination"
| #define PACKAGE_BUGREPORT "OpenOCD Mailing List <openocd-devel@lists.sourceforge.net>"
| #define PACKAGE_URL ""
| #define PACKAGE "openocd"
| #define VERSION "0.10.0.3-imagination"
| #define STDC_HEADERS 1
| #define HAVE_SYS_TYPES_H 1
| #define HAVE_SYS_STAT_H 1
| #define HAVE_STDLIB_H 1
| #define HAVE_STRING_H 1
| #define HAVE_MEMORY_H 1
| #define HAVE_STRINGS_H 1
| #define HAVE_INTTYPES_H 1
| #define HAVE_STDINT_H 1
| #define HAVE_UNISTD_H 1
| #define HAVE_DLFCN_H 1
| #define LT_OBJDIR ".libs/"
| #define HAVE_UNSIGNED_LONG_LONG_INT 1
| #define HAVE_LONG_LONG_INT 1
| /* end confdefs.h.  */
| 
| /* Override any GCC internal prototype to avoid an error.
|    Use char because int might match the return type of a GCC
|    builtin and then its argument prototype would still apply.  */
| #ifdef __cplusplus
| extern "C"
| #endif
| char dlopen ();
| int
| main ()
| {
| return dlopen ();
|   ;
|   return 0;
| }
configure:13056: mips-linux-gnu-gcc -std=gnu99 -o conftest -g -O2   conftest.c -ldl   >&5
configure:13056: $? = 0
configure:13073: result: -ldl
configure:13084: checking sys/socket.h usability
configure:13084: mips-linux-gnu-gcc -std=gnu99 -c -g -O2  conftest.c >&5
configure:13084: $? = 0
configure:13084: result: yes
configure:13084: checking sys/socket.h presence
configure:13084: mips-linux-gnu-gcc -std=gnu99 -E  conftest.c
configure:13084: $? = 0
configure:13084: result: yes
configure:13084: checking for sys/socket.h
configure:13084: result: yes
configure:13096: checking for arpa/inet.h
configure:13096: mips-linux-gnu-gcc -std=gnu99 -c -g -O2  conftest.c >&5
configure:13096: $? = 0
configure:13096: result: yes
configure:13121: checking elf.h usability
configure:13121: mips-linux-gnu-gcc -std=gnu99 -c -g -O2  conftest.c >&5
configure:13121: $? = 0
configure:13121: result: yes
configure:13121: checking elf.h presence
configure:13121: mips-linux-gnu-gcc -std=gnu99 -E  conftest.c
configure:13121: $? = 0
configure:13121: result: yes
configure:13121: checking for elf.h
configure:13121: result: yes
configure:13133: checking dirent.h usability
configure:13133: mips-linux-gnu-gcc -std=gnu99 -c -g -O2  conftest.c >&5
configure:13133: $? = 0
configure:13133: result: yes
configure:13133: checking dirent.h presence
configure:13133: mips-linux-gnu-gcc -std=gnu99 -E  conftest.c
configure:13133: $? = 0
configure:13133: result: yes
configure:13133: checking for dirent.h
configure:13133: result: yes
configure:13145: checking fcntl.h usability
configure:13145: mips-linux-gnu-gcc -std=gnu99 -c -g -O2  conftest.c >&5
configure:13145: $? = 0
configure:13145: result: yes
configure:13145: checking fcntl.h presence
configure:13145: mips-linux-gnu-gcc -std=gnu99 -E  conftest.c
configure:13145: $? = 0
configure:13145: result: yes
configure:13145: checking for fcntl.h
configure:13145: result: yes
configure:13157: checking for ifaddrs.h
configure:13157: mips-linux-gnu-gcc -std=gnu99 -c -g -O2  conftest.c >&5
configure:13157: $? = 0
configure:13157: result: yes
configure:13182: checking malloc.h usability
configure:13182: mips-linux-gnu-gcc -std=gnu99 -c -g -O2  conftest.c >&5
configure:13182: $? = 0
configure:13182: result: yes
configure:13182: checking malloc.h presence
configure:13182: mips-linux-gnu-gcc -std=gnu99 -E  conftest.c
configure:13182: $? = 0
configure:13182: result: yes
configure:13182: checking for malloc.h
configure:13182: result: yes
configure:13194: checking netdb.h usability
configure:13194: mips-linux-gnu-gcc -std=gnu99 -c -g -O2  conftest.c >&5
configure:13194: $? = 0
configure:13194: result: yes
configure:13194: checking netdb.h presence
configure:13194: mips-linux-gnu-gcc -std=gnu99 -E  conftest.c
configure:13194: $? = 0
configure:13194: result: yes
configure:13194: checking for netdb.h
configure:13194: result: yes
configure:13206: checking for netinet/in.h
configure:13206: mips-linux-gnu-gcc -std=gnu99 -c -g -O2  conftest.c >&5
configure:13206: $? = 0
configure:13206: result: yes
configure:13231: checking for netinet/tcp.h
configure:13231: mips-linux-gnu-gcc -std=gnu99 -c -g -O2  conftest.c >&5
configure:13231: $? = 0
configure:13231: result: yes
configure:13256: checking pthread.h usability
configure:13256: mips-linux-gnu-gcc -std=gnu99 -c -g -O2  conftest.c >&5
configure:13256: $? = 0
configure:13256: result: yes
configure:13256: checking pthread.h presence
configure:13256: mips-linux-gnu-gcc -std=gnu99 -E  conftest.c
configure:13256: $? = 0
configure:13256: result: yes
configure:13256: checking for pthread.h
configure:13256: result: yes
configure:13268: checking for strings.h
configure:13268: result: yes
configure:13280: checking sys/ioctl.h usability
configure:13280: mips-linux-gnu-gcc -std=gnu99 -c -g -O2  conftest.c >&5
configure:13280: $? = 0
configure:13280: result: yes
configure:13280: checking sys/ioctl.h presence
configure:13280: mips-linux-gnu-gcc -std=gnu99 -E  conftest.c
configure:13280: $? = 0
configure:13280: result: yes
configure:13280: checking for sys/ioctl.h
configure:13280: result: yes
configure:13292: checking sys/param.h usability
configure:13292: mips-linux-gnu-gcc -std=gnu99 -c -g -O2  conftest.c >&5
configure:13292: $? = 0
configure:13292: result: yes
configure:13292: checking sys/param.h presence
configure:13292: mips-linux-gnu-gcc -std=gnu99 -E  conftest.c
configure:13292: $? = 0
configure:13292: result: yes
configure:13292: checking for sys/param.h
configure:13292: result: yes
configure:13304: checking sys/poll.h usability
configure:13304: mips-linux-gnu-gcc -std=gnu99 -c -g -O2  conftest.c >&5
configure:13304: $? = 0
configure:13304: result: yes
configure:13304: checking sys/poll.h presence
configure:13304: mips-linux-gnu-gcc -std=gnu99 -E  conftest.c
configure:13304: $? = 0
configure:13304: result: yes
configure:13304: checking for sys/poll.h
configure:13304: result: yes
configure:13316: checking sys/select.h usability
configure:13316: mips-linux-gnu-gcc -std=gnu99 -c -g -O2  conftest.c >&5
configure:13316: $? = 0
configure:13316: result: yes
configure:13316: checking sys/select.h presence
configure:13316: mips-linux-gnu-gcc -std=gnu99 -E  conftest.c
configure:13316: $? = 0
configure:13316: result: yes
configure:13316: checking for sys/select.h
configure:13316: result: yes
configure:13328: checking for sys/stat.h
configure:13328: result: yes
configure:13340: checking sys/time.h usability
configure:13340: mips-linux-gnu-gcc -std=gnu99 -c -g -O2  conftest.c >&5
configure:13340: $? = 0
configure:13340: result: yes
configure:13340: checking sys/time.h presence
configure:13340: mips-linux-gnu-gcc -std=gnu99 -E  conftest.c
configure:13340: $? = 0
configure:13340: result: yes
configure:13340: checking for sys/time.h
configure:13340: result: yes
configure:13352: checking for sys/types.h
configure:13352: result: yes
configure:13364: checking for unistd.h
configure:13364: result: yes
configure:13376: checking for net/if.h
configure:13376: mips-linux-gnu-gcc -std=gnu99 -c -g -O2  conftest.c >&5
configure:13376: $? = 0
configure:13376: result: yes
configure:13401: checking whether to enable assertions
configure:13419: result: yes
configure:13422: checking for stdbool.h that conforms to C99
configure:13489: mips-linux-gnu-gcc -std=gnu99 -c -g -O2  conftest.c >&5
configure:13489: $? = 0
configure:13496: result: yes
configure:13498: checking for _Bool
configure:13498: mips-linux-gnu-gcc -std=gnu99 -c -g -O2  conftest.c >&5
configure:13498: $? = 0
configure:13498: mips-linux-gnu-gcc -std=gnu99 -c -g -O2  conftest.c >&5
conftest.c: In function 'main':
conftest.c:82:20: error: expected expression before ')' token
configure:13498: $? = 1
configure: failed program was:
| /* confdefs.h */
| #define PACKAGE_NAME "openocd"
| #define PACKAGE_TARNAME "openocd"
| #define PACKAGE_VERSION "0.10.0.3-imagination"
| #define PACKAGE_STRING "openocd 0.10.0.3-imagination"
| #define PACKAGE_BUGREPORT "OpenOCD Mailing List <openocd-devel@lists.sourceforge.net>"
| #define PACKAGE_URL ""
| #define PACKAGE "openocd"
| #define VERSION "0.10.0.3-imagination"
| #define STDC_HEADERS 1
| #define HAVE_SYS_TYPES_H 1
| #define HAVE_SYS_STAT_H 1
| #define HAVE_STDLIB_H 1
| #define HAVE_STRING_H 1
| #define HAVE_MEMORY_H 1
| #define HAVE_STRINGS_H 1
| #define HAVE_INTTYPES_H 1
| #define HAVE_STDINT_H 1
| #define HAVE_UNISTD_H 1
| #define HAVE_DLFCN_H 1
| #define LT_OBJDIR ".libs/"
| #define HAVE_UNSIGNED_LONG_LONG_INT 1
| #define HAVE_LONG_LONG_INT 1
| #define HAVE_SYS_SOCKET_H 1
| #define HAVE_ARPA_INET_H 1
| #define HAVE_ELF_H 1
| #define HAVE_DIRENT_H 1
| #define HAVE_FCNTL_H 1
| #define HAVE_IFADDRS_H 1
| #define HAVE_MALLOC_H 1
| #define HAVE_NETDB_H 1
| #define HAVE_NETINET_IN_H 1
| #define HAVE_NETINET_TCP_H 1
| #define HAVE_PTHREAD_H 1
| #define HAVE_STRINGS_H 1
| #define HAVE_SYS_IOCTL_H 1
| #define HAVE_SYS_PARAM_H 1
| #define HAVE_SYS_POLL_H 1
| #define HAVE_SYS_SELECT_H 1
| #define HAVE_SYS_STAT_H 1
| #define HAVE_SYS_TIME_H 1
| #define HAVE_SYS_TYPES_H 1
| #define HAVE_UNISTD_H 1
| #define HAVE_NET_IF_H 1
| /* end confdefs.h.  */
| #include <stdio.h>
| #ifdef HAVE_SYS_TYPES_H
| # include <sys/types.h>
| #endif
| #ifdef HAVE_SYS_STAT_H
| # include <sys/stat.h>
| #endif
| #ifdef STDC_HEADERS
| # include <stdlib.h>
| # include <stddef.h>
| #else
| # ifdef HAVE_STDLIB_H
| #  include <stdlib.h>
| # endif
| #endif
| #ifdef HAVE_STRING_H
| # if !defined STDC_HEADERS && defined HAVE_MEMORY_H
| #  include <memory.h>
| # endif
| # include <string.h>
| #endif
| #ifdef HAVE_STRINGS_H
| # include <strings.h>
| #endif
| #ifdef HAVE_INTTYPES_H
| # include <inttypes.h>
| #endif
| #ifdef HAVE_STDINT_H
| # include <stdint.h>
| #endif
| #ifdef HAVE_UNISTD_H
| # include <unistd.h>
| #endif
| int
| main ()
| {
| if (sizeof ((_Bool)))
| 	    return 0;
|   ;
|   return 0;
| }
configure:13498: result: yes
configure:13515: checking whether time.h and sys/time.h may both be included
configure:13535: mips-linux-gnu-gcc -std=gnu99 -c -g -O2  conftest.c >&5
configure:13535: $? = 0
configure:13542: result: yes
configure:13551: checking whether byte ordering is bigendian
configure:13566: mips-linux-gnu-gcc -std=gnu99 -c -g -O2  conftest.c >&5
conftest.c:50:9: error: unknown type name 'not'
conftest.c:50:15: error: expected '=', ',', ';', 'asm' or '__attribute__' before 'universal'
conftest.c:50:15: error: unknown type name 'universal'
configure:13566: $? = 1
configure: failed program was:
| /* confdefs.h */
| #define PACKAGE_NAME "openocd"
| #define PACKAGE_TARNAME "openocd"
| #define PACKAGE_VERSION "0.10.0.3-imagination"
| #define PACKAGE_STRING "openocd 0.10.0.3-imagination"
| #define PACKAGE_BUGREPORT "OpenOCD Mailing List <openocd-devel@lists.sourceforge.net>"
| #define PACKAGE_URL ""
| #define PACKAGE "openocd"
| #define VERSION "0.10.0.3-imagination"
| #define STDC_HEADERS 1
| #define HAVE_SYS_TYPES_H 1
| #define HAVE_SYS_STAT_H 1
| #define HAVE_STDLIB_H 1
| #define HAVE_STRING_H 1
| #define HAVE_MEMORY_H 1
| #define HAVE_STRINGS_H 1
| #define HAVE_INTTYPES_H 1
| #define HAVE_STDINT_H 1
| #define HAVE_UNISTD_H 1
| #define HAVE_DLFCN_H 1
| #define LT_OBJDIR ".libs/"
| #define HAVE_UNSIGNED_LONG_LONG_INT 1
| #define HAVE_LONG_LONG_INT 1
| #define HAVE_SYS_SOCKET_H 1
| #define HAVE_ARPA_INET_H 1
| #define HAVE_ELF_H 1
| #define HAVE_DIRENT_H 1
| #define HAVE_FCNTL_H 1
| #define HAVE_IFADDRS_H 1
| #define HAVE_MALLOC_H 1
| #define HAVE_NETDB_H 1
| #define HAVE_NETINET_IN_H 1
| #define HAVE_NETINET_TCP_H 1
| #define HAVE_PTHREAD_H 1
| #define HAVE_STRINGS_H 1
| #define HAVE_SYS_IOCTL_H 1
| #define HAVE_SYS_PARAM_H 1
| #define HAVE_SYS_POLL_H 1
| #define HAVE_SYS_SELECT_H 1
| #define HAVE_SYS_STAT_H 1
| #define HAVE_SYS_TIME_H 1
| #define HAVE_SYS_TYPES_H 1
| #define HAVE_UNISTD_H 1
| #define HAVE_NET_IF_H 1
| #define HAVE__BOOL 1
| #define HAVE_STDBOOL_H 1
| #define TIME_WITH_SYS_TIME 1
| /* end confdefs.h.  */
| #ifndef __APPLE_CC__
| 	       not a universal capable compiler
| 	     #endif
| 	     typedef int dummy;
| 
configure:13611: mips-linux-gnu-gcc -std=gnu99 -c -g -O2  conftest.c >&5
configure:13611: $? = 0
configure:13629: mips-linux-gnu-gcc -std=gnu99 -c -g -O2  conftest.c >&5
conftest.c: In function 'main':
conftest.c:56:4: error: unknown type name 'not'
conftest.c:56:12: error: expected '=', ',', ';', 'asm' or '__attribute__' before 'endian'
configure:13629: $? = 1
configure: failed program was:
| /* confdefs.h */
| #define PACKAGE_NAME "openocd"
| #define PACKAGE_TARNAME "openocd"
| #define PACKAGE_VERSION "0.10.0.3-imagination"
| #define PACKAGE_STRING "openocd 0.10.0.3-imagination"
| #define PACKAGE_BUGREPORT "OpenOCD Mailing List <openocd-devel@lists.sourceforge.net>"
| #define PACKAGE_URL ""
| #define PACKAGE "openocd"
| #define VERSION "0.10.0.3-imagination"
| #define STDC_HEADERS 1
| #define HAVE_SYS_TYPES_H 1
| #define HAVE_SYS_STAT_H 1
| #define HAVE_STDLIB_H 1
| #define HAVE_STRING_H 1
| #define HAVE_MEMORY_H 1
| #define HAVE_STRINGS_H 1
| #define HAVE_INTTYPES_H 1
| #define HAVE_STDINT_H 1
| #define HAVE_UNISTD_H 1
| #define HAVE_DLFCN_H 1
| #define LT_OBJDIR ".libs/"
| #define HAVE_UNSIGNED_LONG_LONG_INT 1
| #define HAVE_LONG_LONG_INT 1
| #define HAVE_SYS_SOCKET_H 1
| #define HAVE_ARPA_INET_H 1
| #define HAVE_ELF_H 1
| #define HAVE_DIRENT_H 1
| #define HAVE_FCNTL_H 1
| #define HAVE_IFADDRS_H 1
| #define HAVE_MALLOC_H 1
| #define HAVE_NETDB_H 1
| #define HAVE_NETINET_IN_H 1
| #define HAVE_NETINET_TCP_H 1
| #define HAVE_PTHREAD_H 1
| #define HAVE_STRINGS_H 1
| #define HAVE_SYS_IOCTL_H 1
| #define HAVE_SYS_PARAM_H 1
| #define HAVE_SYS_POLL_H 1
| #define HAVE_SYS_SELECT_H 1
| #define HAVE_SYS_STAT_H 1
| #define HAVE_SYS_TIME_H 1
| #define HAVE_SYS_TYPES_H 1
| #define HAVE_UNISTD_H 1
| #define HAVE_NET_IF_H 1
| #define HAVE__BOOL 1
| #define HAVE_STDBOOL_H 1
| #define TIME_WITH_SYS_TIME 1
| /* end confdefs.h.  */
| #include <sys/types.h>
| 		#include <sys/param.h>
| 
| int
| main ()
| {
| #if BYTE_ORDER != BIG_ENDIAN
| 		 not big endian
| 		#endif
| 
|   ;
|   return 0;
| }
configure:13757: result: no
configure:13778: checking for strndup
configure:13778: mips-linux-gnu-gcc -std=gnu99 -o conftest -g -O2   conftest.c -ldl  >&5
conftest.c:72:6: warning: conflicting types for built-in function 'strndup' [enabled by default]
configure:13778: $? = 0
configure:13778: result: yes
configure:13789: checking for strnlen
configure:13789: mips-linux-gnu-gcc -std=gnu99 -o conftest -g -O2   conftest.c -ldl  >&5
configure:13789: $? = 0
configure:13789: result: yes
configure:13800: checking for gettimeofday
configure:13800: mips-linux-gnu-gcc -std=gnu99 -o conftest -g -O2   conftest.c -ldl  >&5
configure:13800: $? = 0
configure:13800: result: yes
configure:13811: checking for usleep
configure:13811: mips-linux-gnu-gcc -std=gnu99 -o conftest -g -O2   conftest.c -ldl  >&5
configure:13811: $? = 0
configure:13811: result: yes
configure:13822: checking for vasprintf
configure:13822: mips-linux-gnu-gcc -std=gnu99 -o conftest -g -O2   conftest.c -ldl  >&5
configure:13822: $? = 0
configure:13822: result: yes
configure:13840: checking whether to build a release
configure:13847: result: no
configure:13985: checking whether to build Doxygen as HTML
configure:13987: result: yes
configure:13998: checking whether to build Doxygen as PDF
configure:14000: result: no
configure:14060: checking whether to enable verbose JTAG I/O messages
configure:14062: result: no
configure:14070: checking whether to enable verbose USB I/O messages
configure:14072: result: no
configure:14080: checking whether to enable verbose USB communication messages
configure:14082: result: no
configure:14097: checking whether to enable malloc free space logging
configure:14099: result: no
configure:14466: checking whether to enable ZY1000 minidriver
configure:14477: result: no
configure:14488: checking whether to enable dummy minidriver
configure:14502: result: no
configure:14505: checking whether standard drivers can be built
configure:14514: result: yes
configure:15680: checking for LIBUSB1
configure:15687: $PKG_CONFIG --exists --print-errors "libusb-1.0"
Package libusb-1.0 was not found in the pkg-config search path.
Perhaps you should add the directory containing `libusb-1.0.pc'
to the PKG_CONFIG_PATH environment variable
No package 'libusb-1.0' found
configure:15690: $? = 1
configure:15704: $PKG_CONFIG --exists --print-errors "libusb-1.0"
Package libusb-1.0 was not found in the pkg-config search path.
Perhaps you should add the directory containing `libusb-1.0.pc'
to the PKG_CONFIG_PATH environment variable
No package 'libusb-1.0' found
configure:15707: $? = 1
configure:15721: result: no
No package 'libusb-1.0' found
configure:15739: WARNING: libusb-1.x not found, trying legacy libusb-0.1 as a fallback; consider installing libusb-1.x instead
configure:15781: checking for LIBUSB0
configure:15788: $PKG_CONFIG --exists --print-errors "libusb"
Package libusb was not found in the pkg-config search path.
Perhaps you should add the directory containing `libusb.pc'
to the PKG_CONFIG_PATH environment variable
No package 'libusb' found
configure:15791: $? = 1
configure:15805: $PKG_CONFIG --exists --print-errors "libusb"
Package libusb was not found in the pkg-config search path.
Perhaps you should add the directory containing `libusb.pc'
to the PKG_CONFIG_PATH environment variable
No package 'libusb' found
configure:15808: $? = 1
configure:15822: result: no
No package 'libusb' found
configure:15854: checking for HIDAPI
configure:15861: $PKG_CONFIG --exists --print-errors "$hidapi_lib"
Package hidapi was not found in the pkg-config search path.
Perhaps you should add the directory containing `hidapi.pc'
to the PKG_CONFIG_PATH environment variable
No package 'hidapi' found
configure:15864: $? = 1
configure:15878: $PKG_CONFIG --exists --print-errors "$hidapi_lib"
Package hidapi was not found in the pkg-config search path.
Perhaps you should add the directory containing `hidapi.pc'
to the PKG_CONFIG_PATH environment variable
No package 'hidapi' found
configure:15881: $? = 1
configure:15895: result: no
No package 'hidapi' found
configure:15854: checking for HIDAPI
configure:15861: $PKG_CONFIG --exists --print-errors "$hidapi_lib"
Package hidapi-hidraw was not found in the pkg-config search path.
Perhaps you should add the directory containing `hidapi-hidraw.pc'
to the PKG_CONFIG_PATH environment variable
No package 'hidapi-hidraw' found
configure:15864: $? = 1
configure:15878: $PKG_CONFIG --exists --print-errors "$hidapi_lib"
Package hidapi-hidraw was not found in the pkg-config search path.
Perhaps you should add the directory containing `hidapi-hidraw.pc'
to the PKG_CONFIG_PATH environment variable
No package 'hidapi-hidraw' found
configure:15881: $? = 1
configure:15895: result: no
No package 'hidapi-hidraw' found
configure:15854: checking for HIDAPI
configure:15861: $PKG_CONFIG --exists --print-errors "$hidapi_lib"
Package hidapi-libusb was not found in the pkg-config search path.
Perhaps you should add the directory containing `hidapi-libusb.pc'
to the PKG_CONFIG_PATH environment variable
No package 'hidapi-libusb' found
configure:15864: $? = 1
configure:15878: $PKG_CONFIG --exists --print-errors "$hidapi_lib"
Package hidapi-libusb was not found in the pkg-config search path.
Perhaps you should add the directory containing `hidapi-libusb.pc'
to the PKG_CONFIG_PATH environment variable
No package 'hidapi-libusb' found
configure:15881: $? = 1
configure:15895: result: no
No package 'hidapi-libusb' found
configure:16623: checking for environ in unistd.h and stdlib.h
configure:16641: mips-linux-gnu-gcc -std=gnu99 -c -g -O2  conftest.c >&5
configure:16641: $? = 0
configure:16643: result: yes
configure:16828: checking that generated files are newer than configure
configure:16834: result: done
configure:17070: creating ./config.status

## ---------------------- ##
## Running config.status. ##
## ---------------------- ##

This file was extended by openocd config.status 0.10.0.3-imagination, which was
generated by GNU Autoconf 2.69.  Invocation command line was

  CONFIG_FILES    = 
  CONFIG_HEADERS  = 
  CONFIG_LINKS    = 
  CONFIG_COMMANDS = 
  $ ./config.status 

on cpu

config.status:1285: creating Makefile
config.status:1285: creating src/Makefile
config.status:1285: creating src/helper/Makefile
config.status:1285: creating src/jtag/Makefile
config.status:1285: creating src/jtag/drivers/Makefile
config.status:1285: creating src/jtag/drivers/usb_blaster/Makefile
config.status:1285: creating src/jtag/hla/Makefile
config.status:1285: creating src/jtag/aice/Makefile
config.status:1285: creating src/transport/Makefile
config.status:1285: creating src/target/openrisc/Makefile
config.status:1285: creating src/xsvf/Makefile
config.status:1285: creating src/svf/Makefile
config.status:1285: creating src/target/Makefile
config.status:1285: creating src/rtos/Makefile
config.status:1285: creating src/server/Makefile
config.status:1285: creating src/flash/Makefile
config.status:1285: creating src/flash/nor/Makefile
config.status:1285: creating src/flash/nand/Makefile
config.status:1285: creating src/pld/Makefile
config.status:1285: creating doc/Makefile
config.status:1285: creating config.h
config.status:1499: executing depfiles commands
config.status:1499: executing libtool commands
configure:19298: === configuring in jimtcl (/home/guest/ysyuan/ingenic-openocd/build/jimtcl)
configure:19361: running /bin/bash ../../jimtcl/configure.gnu --disable-option-checking '--prefix=/home/guest/ysyuan/ingenic-openocd/build'  '--host=mips-linux-gnu' '--build=x86_64-linux' '--enable-x1000' 'build_alias=x86_64-linux' 'host_alias=mips-linux-gnu' --cache-file=/dev/null --srcdir=../../jimtcl

## ---------------- ##
## Cache variables. ##
## ---------------- ##

ac_cv_build=x86_64-pc-linux-gnu
ac_cv_c_bigendian=no
ac_cv_c_compiler_gnu=yes
ac_cv_c_const=yes
ac_cv_env_CC_set=
ac_cv_env_CC_value=
ac_cv_env_CFLAGS_set=
ac_cv_env_CFLAGS_value=
ac_cv_env_CPPFLAGS_set=
ac_cv_env_CPPFLAGS_value=
ac_cv_env_CPP_set=
ac_cv_env_CPP_value=
ac_cv_env_HIDAPI_CFLAGS_set=
ac_cv_env_HIDAPI_CFLAGS_value=
ac_cv_env_HIDAPI_LIBS_set=
ac_cv_env_HIDAPI_LIBS_value=
ac_cv_env_LDFLAGS_set=
ac_cv_env_LDFLAGS_value=
ac_cv_env_LIBFTDI_CFLAGS_set=
ac_cv_env_LIBFTDI_CFLAGS_value=
ac_cv_env_LIBFTDI_LIBS_set=
ac_cv_env_LIBFTDI_LIBS_value=
ac_cv_env_LIBS_set=
ac_cv_env_LIBS_value=
ac_cv_env_LIBUSB0_CFLAGS_set=
ac_cv_env_LIBUSB0_CFLAGS_value=
ac_cv_env_LIBUSB0_LIBS_set=
ac_cv_env_LIBUSB0_LIBS_value=
ac_cv_env_LIBUSB1_CFLAGS_set=
ac_cv_env_LIBUSB1_CFLAGS_value=
ac_cv_env_LIBUSB1_LIBS_set=
ac_cv_env_LIBUSB1_LIBS_value=
ac_cv_env_LT_SYS_LIBRARY_PATH_set=
ac_cv_env_LT_SYS_LIBRARY_PATH_value=
ac_cv_env_PKG_CONFIG_LIBDIR_set=
ac_cv_env_PKG_CONFIG_LIBDIR_value=
ac_cv_env_PKG_CONFIG_PATH_set=
ac_cv_env_PKG_CONFIG_PATH_value=
ac_cv_env_PKG_CONFIG_set=
ac_cv_env_PKG_CONFIG_value=
ac_cv_env_build_alias_set=set
ac_cv_env_build_alias_value=x86_64-linux
ac_cv_env_host_alias_set=set
ac_cv_env_host_alias_value=mips-linux-gnu
ac_cv_env_target_alias_set=
ac_cv_env_target_alias_value=
ac_cv_func_gettimeofday=yes
ac_cv_func_strndup=yes
ac_cv_func_strnlen=yes
ac_cv_func_usleep=yes
ac_cv_func_vasprintf=yes
ac_cv_header_arpa_inet_h=yes
ac_cv_header_dirent_h=yes
ac_cv_header_dlfcn_h=yes
ac_cv_header_elf_h=yes
ac_cv_header_fcntl_h=yes
ac_cv_header_ifaddrs_h=yes
ac_cv_header_inttypes_h=yes
ac_cv_header_malloc_h=yes
ac_cv_header_memory_h=yes
ac_cv_header_net_if_h=yes
ac_cv_header_netdb_h=yes
ac_cv_header_netinet_in_h=yes
ac_cv_header_netinet_tcp_h=yes
ac_cv_header_pthread_h=yes
ac_cv_header_stdbool_h=yes
ac_cv_header_stdc=yes
ac_cv_header_stdint_h=yes
ac_cv_header_stdlib_h=yes
ac_cv_header_string_h=yes
ac_cv_header_strings_h=yes
ac_cv_header_sys_ioctl_h=yes
ac_cv_header_sys_param_h=yes
ac_cv_header_sys_poll_h=yes
ac_cv_header_sys_select_h=yes
ac_cv_header_sys_socket_h=yes
ac_cv_header_sys_stat_h=yes
ac_cv_header_sys_time_h=yes
ac_cv_header_sys_types_h=yes
ac_cv_header_time=yes
ac_cv_header_unistd_h=yes
ac_cv_host=mips-unknown-linux-gnu
ac_cv_objext=o
ac_cv_path_EGREP='/bin/grep -E'
ac_cv_path_FGREP='/bin/grep -F'
ac_cv_path_GREP=/bin/grep
ac_cv_path_SED=/bin/sed
ac_cv_path_ac_pt_PKG_CONFIG=/usr/bin/pkg-config
ac_cv_path_install='/usr/bin/install -c'
ac_cv_path_lt_DD=/bin/dd
ac_cv_path_mkdir=/bin/mkdir
ac_cv_prog_AR=mips-linux-gnu-ar
ac_cv_prog_AWK=gawk
ac_cv_prog_CC=mips-linux-gnu-gcc
ac_cv_prog_CPP='mips-linux-gnu-gcc -std=gnu99 -E'
ac_cv_prog_MAKEINFO=makeinfo
ac_cv_prog_OBJDUMP=mips-linux-gnu-objdump
ac_cv_prog_RANLIB=mips-linux-gnu-ranlib
ac_cv_prog_STRIP=mips-linux-gnu-strip
ac_cv_prog_ac_ct_MANIFEST_TOOL=mt
ac_cv_prog_cc_c89=
ac_cv_prog_cc_c99=-std=gnu99
ac_cv_prog_cc_g=yes
ac_cv_prog_make_make_set=yes
ac_cv_search_dlopen=-ldl
ac_cv_search_ioperm=no
ac_cv_type__Bool=yes
ac_cv_type_long_long_int=yes
ac_cv_type_unsigned_long_long_int=yes
am_cv_CC_dependencies_compiler_type=gcc3
am_cv_make_support_nested_variables=yes
am_cv_prog_cc_c_o=yes
lt_cv_ar_at_file=@
lt_cv_deplibs_check_method=pass_all
lt_cv_file_magic_cmd='$MAGIC_CMD'
lt_cv_file_magic_test_file=
lt_cv_ld_reload_flag=-r
lt_cv_nm_interface='BSD nm'
lt_cv_objdir=.libs
lt_cv_path_LD=/home/tools/ingenic/mips-gcc472-glibc216/mips-linux-gnu/bin/ld
lt_cv_path_NM='/home/tools/ingenic/mips-gcc472-glibc216/bin/mips-linux-gnu-nm -B'
lt_cv_path_mainfest_tool=no
lt_cv_prog_compiler_c_o=yes
lt_cv_prog_compiler_pic='-fPIC -DPIC'
lt_cv_prog_compiler_pic_works=yes
lt_cv_prog_compiler_rtti_exceptions=no
lt_cv_prog_compiler_static_works=yes
lt_cv_prog_gnu_ld=yes
lt_cv_sharedlib_from_linklib_cmd='printf %s\n'
lt_cv_shlibpath_overrides_runpath=no
lt_cv_sys_global_symbol_pipe='sed -n -e '\''s/^.*[	 ]\([ABCDGIRSTW][ABCDGIRSTW]*\)[	 ][	 ]*\([_A-Za-z][_A-Za-z0-9]*\)$/\1 \2 \2/p'\'' | sed '\''/ __gnu_lto/d'\'''
lt_cv_sys_global_symbol_to_c_name_address='sed -n -e '\''s/^: \(.*\) .*$/  {"\1", (void *) 0},/p'\'' -e '\''s/^[ABCDGIRSTW][ABCDGIRSTW]* .* \(.*\)$/  {"\1", (void *) \&\1},/p'\'''
lt_cv_sys_global_symbol_to_c_name_address_lib_prefix='sed -n -e '\''s/^: \(.*\) .*$/  {"\1", (void *) 0},/p'\'' -e '\''s/^[ABCDGIRSTW][ABCDGIRSTW]* .* \(lib.*\)$/  {"\1", (void *) \&\1},/p'\'' -e '\''s/^[ABCDGIRSTW][ABCDGIRSTW]* .* \(.*\)$/  {"lib\1", (void *) \&\1},/p'\'''
lt_cv_sys_global_symbol_to_cdecl='sed -n -e '\''s/^T .* \(.*\)$/extern int \1();/p'\'' -e '\''s/^[ABCDGIRSTW][ABCDGIRSTW]* .* \(.*\)$/extern char \1;/p'\'''
lt_cv_sys_global_symbol_to_import=
lt_cv_sys_max_cmd_len=1572864
lt_cv_to_host_file_cmd=func_convert_file_noop
lt_cv_to_tool_file_cmd=func_convert_file_noop
lt_cv_truncate_bin='/bin/dd bs=4096 count=1'

## ----------------- ##
## Output variables. ##
## ----------------- ##

ACLOCAL='${SHELL} /home/guest/ysyuan/ingenic-openocd/missing aclocal-1.15'
AICE_FALSE=''
AICE_TRUE='#'
AMDEPBACKSLASH='\'
AMDEP_FALSE='#'
AMDEP_TRUE=''
AMTAR='$${TAR-tar}'
AMTJTAGACCEL_FALSE=''
AMTJTAGACCEL_TRUE='#'
AM_BACKSLASH='\'
AM_DEFAULT_V='$(AM_DEFAULT_VERBOSITY)'
AM_DEFAULT_VERBOSITY='1'
AM_V='$(V)'
AR='mips-linux-gnu-ar'
ARMJTAGEW_FALSE=''
ARMJTAGEW_TRUE='#'
AT91RM9200_FALSE=''
AT91RM9200_TRUE='#'
AUTOCONF='${SHELL} /home/guest/ysyuan/ingenic-openocd/missing autoconf'
AUTOHEADER='${SHELL} /home/guest/ysyuan/ingenic-openocd/missing autoheader'
AUTOMAKE='${SHELL} /home/guest/ysyuan/ingenic-openocd/missing automake-1.15'
AWK='gawk'
BCM2835GPIO_FALSE=''
BCM2835GPIO_TRUE='#'
BITBANG_FALSE='#'
BITBANG_TRUE=''
BITQ_FALSE=''
BITQ_TRUE='#'
BUSPIRATE_FALSE=''
BUSPIRATE_TRUE='#'
CC='mips-linux-gnu-gcc -std=gnu99'
CCDEPMODE='depmode=gcc3'
CFLAGS='-g -O2 -Wall -Wstrict-prototypes -Wformat-security -Wshadow -Wextra -Wno-unused-parameter -Wbad-function-cast -Wcast-align -Wredundant-decls -Werror'
CMSIS_DAP_FALSE=''
CMSIS_DAP_TRUE='#'
CPP='mips-linux-gnu-gcc -std=gnu99 -E'
CPPFLAGS=''
CYGPATH_W='echo'
DEFS='-DHAVE_CONFIG_H'
DEPDIR='.deps'
DLLTOOL='false'
DSYMUTIL=''
DUMMY_FALSE=''
DUMMY_TRUE='#'
DUMPBIN=''
ECHO_C=''
ECHO_N='-n'
ECHO_T=''
EGREP='/bin/grep -E'
EP93XX_FALSE=''
EP93XX_TRUE='#'
EXEEXT=''
FGREP='/bin/grep -F'
FT2232_DRIVER_FALSE=''
FT2232_DRIVER_TRUE='#'
FT2232_LIBFTDI_FALSE=''
FT2232_LIBFTDI_TRUE='#'
FTDI_FALSE=''
FTDI_TRUE='#'
GIVEIO_FALSE=''
GIVEIO_TRUE='#'
GREP='/bin/grep'
GW16012_FALSE=''
GW16012_TRUE='#'
HIDAPI_CFLAGS=''
HIDAPI_LIBS=''
HLADAPTER_FALSE=''
HLADAPTER_ICDI_FALSE=''
HLADAPTER_ICDI_TRUE='#'
HLADAPTER_STLINK_FALSE=''
HLADAPTER_STLINK_TRUE='#'
HLADAPTER_TRUE='#'
INSTALL_DATA='${INSTALL} -m 644'
INSTALL_PROGRAM='${INSTALL}'
INSTALL_SCRIPT='${INSTALL}'
INSTALL_STRIP_PROGRAM='$(install_sh) -c -s'
INTERNAL_JIMTCL_FALSE='#'
INTERNAL_JIMTCL_TRUE=''
IOUTIL_FALSE=''
IOUTIL_TRUE='#'
IS_CYGWIN_FALSE=''
IS_CYGWIN_TRUE='#'
IS_DARWIN_FALSE=''
IS_DARWIN_TRUE='#'
IS_MINGW_FALSE=''
IS_MINGW_TRUE='#'
IS_WIN32_FALSE=''
IS_WIN32_TRUE='#'
JLINK_FALSE=''
JLINK_TRUE='#'
JTAG_VPI_FALSE=''
JTAG_VPI_TRUE='#'
LD='/home/tools/ingenic/mips-gcc472-glibc216/mips-linux-gnu/bin/ld'
LDFLAGS=''
LIBFTDI_CFLAGS=''
LIBFTDI_LIBS=''
LIBOBJS=''
LIBS='-ldl '
LIBTOOL='$(SHELL) $(top_builddir)/libtool'
LIBTOOL_DEPS='../ltmain.sh'
LIBUSB0_CFLAGS=''
LIBUSB0_LIBS=''
LIBUSB1_CFLAGS=''
LIBUSB1_LIBS=''
LIPO=''
LN_S='ln -s'
LTLIBOBJS=''
LT_SYS_LIBRARY_PATH=''
MAKEINFO='makeinfo'
MANIFEST_TOOL=':'
MINIDRIVER_DUMMY_FALSE=''
MINIDRIVER_DUMMY_TRUE='#'
MINIDRIVER_FALSE=''
MINIDRIVER_TRUE='#'
MKDIR_P='/bin/mkdir -p'
NM='/home/tools/ingenic/mips-gcc472-glibc216/bin/mips-linux-gnu-nm -B'
NMEDIT=''
OBJDUMP='mips-linux-gnu-objdump'
OBJEXT='o'
OOCD_TRACE_FALSE=''
OOCD_TRACE_TRUE='#'
OPENDOUS_FALSE=''
OPENDOUS_TRUE='#'
OPENJTAG_FALSE=''
OPENJTAG_TRUE='#'
OSBDM_FALSE=''
OSBDM_TRUE='#'
OTOOL64=''
OTOOL=''
PACKAGE='openocd'
PACKAGE_BUGREPORT='OpenOCD Mailing List <openocd-devel@lists.sourceforge.net>'
PACKAGE_NAME='openocd'
PACKAGE_STRING='openocd 0.10.0.3-imagination'
PACKAGE_TARNAME='openocd'
PACKAGE_URL=''
PACKAGE_VERSION='0.10.0.3-imagination'
PARPORT_FALSE=''
PARPORT_TRUE='#'
PATH_SEPARATOR=':'
PKG_CONFIG='/usr/bin/pkg-config'
PKG_CONFIG_LIBDIR=''
PKG_CONFIG_PATH=''
PRESTO_DRIVER_FALSE=''
PRESTO_DRIVER_TRUE='#'
PRESTO_LIBFTDI_FALSE=''
PRESTO_LIBFTDI_TRUE='#'
RANLIB='mips-linux-gnu-ranlib'
RELEASE_FALSE=''
RELEASE_TRUE='#'
REMOTE_BITBANG_FALSE=''
REMOTE_BITBANG_TRUE='#'
RLINK_FALSE=''
RLINK_TRUE='#'
SED='/bin/sed'
SET_MAKE=''
SHELL='/bin/bash'
STRIP='mips-linux-gnu-strip'
SYSFSGPIO_FALSE=''
SYSFSGPIO_TRUE='#'
ULINK_FALSE=''
ULINK_TRUE='#'
USBPROG_FALSE=''
USBPROG_TRUE='#'
USB_BLASTER_2_FALSE=''
USB_BLASTER_2_TRUE='#'
USB_BLASTER_DRIVER_FALSE=''
USB_BLASTER_DRIVER_TRUE='#'
USB_BLASTER_FTD2XX_FALSE=''
USB_BLASTER_FTD2XX_TRUE='#'
USB_BLASTER_LIBFTDI_FALSE=''
USB_BLASTER_LIBFTDI_TRUE='#'
USE_LIBUSB0_FALSE=''
USE_LIBUSB0_TRUE='#'
USE_LIBUSB1_FALSE=''
USE_LIBUSB1_TRUE='#'
VERSION='0.10.0.3-imagination'
VSLLINK_FALSE=''
VSLLINK_TRUE='#'
X1000_FALSE='#'
X1000_TRUE=''
ZY1000_FALSE=''
ZY1000_MASTER_FALSE=''
ZY1000_MASTER_TRUE='#'
ZY1000_TRUE='#'
ac_ct_AR=''
ac_ct_CC=''
ac_ct_DUMPBIN=''
am__EXEEXT_FALSE=''
am__EXEEXT_TRUE='#'
am__fastdepCC_FALSE='#'
am__fastdepCC_TRUE=''
am__include='include'
am__isrc=' -I$(srcdir)'
am__leading_dot='.'
am__nodep='_no'
am__quote=''
am__tar='$${TAR-tar} chof - "$$tardir"'
am__untar='$${TAR-tar} xf -'
bindir='${exec_prefix}/bin'
build='x86_64-pc-linux-gnu'
build_alias='x86_64-linux'
build_cpu='x86_64'
build_os='linux-gnu'
build_vendor='pc'
datadir='${datarootdir}'
datarootdir='${prefix}/share'
docdir='${datarootdir}/doc/${PACKAGE_TARNAME}'
doxygen_as_html='yes'
doxygen_as_pdf='no'
dvidir='${docdir}'
exec_prefix='${prefix}'
host='mips-unknown-linux-gnu'
host_alias='mips-linux-gnu'
host_cpu='mips'
host_os='linux-gnu'
host_vendor='unknown'
htmldir='${docdir}'
includedir='${prefix}/include'
infodir='${datarootdir}/info'
install_sh='${SHELL} /home/guest/ysyuan/ingenic-openocd/install-sh'
libdir='${exec_prefix}/lib'
libexecdir='${exec_prefix}/libexec'
localedir='${datarootdir}/locale'
localstatedir='${prefix}/var'
mandir='${datarootdir}/man'
mkdir_p='$(MKDIR_P)'
oldincludedir='/usr/include'
pdfdir='${docdir}'
prefix='/home/guest/ysyuan/ingenic-openocd/build'
program_transform_name='s,x,x,'
psdir='${docdir}'
sbindir='${exec_prefix}/sbin'
sharedstatedir='${prefix}/com'
subdirs=' jimtcl'
sysconfdir='${prefix}/etc'
target_alias=''

## ----------- ##
## confdefs.h. ##
## ----------- ##

/* confdefs.h */
#define PACKAGE_NAME "openocd"
#define PACKAGE_TARNAME "openocd"
#define PACKAGE_VERSION "0.10.0.3-imagination"
#define PACKAGE_STRING "openocd 0.10.0.3-imagination"
#define PACKAGE_BUGREPORT "OpenOCD Mailing List <openocd-devel@lists.sourceforge.net>"
#define PACKAGE_URL ""
#define PACKAGE "openocd"
#define VERSION "0.10.0.3-imagination"
#define STDC_HEADERS 1
#define HAVE_SYS_TYPES_H 1
#define HAVE_SYS_STAT_H 1
#define HAVE_STDLIB_H 1
#define HAVE_STRING_H 1
#define HAVE_MEMORY_H 1
#define HAVE_STRINGS_H 1
#define HAVE_INTTYPES_H 1
#define HAVE_STDINT_H 1
#define HAVE_UNISTD_H 1
#define HAVE_DLFCN_H 1
#define LT_OBJDIR ".libs/"
#define HAVE_UNSIGNED_LONG_LONG_INT 1
#define HAVE_LONG_LONG_INT 1
#define HAVE_SYS_SOCKET_H 1
#define HAVE_ARPA_INET_H 1
#define HAVE_ELF_H 1
#define HAVE_DIRENT_H 1
#define HAVE_FCNTL_H 1
#define HAVE_IFADDRS_H 1
#define HAVE_MALLOC_H 1
#define HAVE_NETDB_H 1
#define HAVE_NETINET_IN_H 1
#define HAVE_NETINET_TCP_H 1
#define HAVE_PTHREAD_H 1
#define HAVE_STRINGS_H 1
#define HAVE_SYS_IOCTL_H 1
#define HAVE_SYS_PARAM_H 1
#define HAVE_SYS_POLL_H 1
#define HAVE_SYS_SELECT_H 1
#define HAVE_SYS_STAT_H 1
#define HAVE_SYS_TIME_H 1
#define HAVE_SYS_TYPES_H 1
#define HAVE_UNISTD_H 1
#define HAVE_NET_IF_H 1
#define HAVE__BOOL 1
#define HAVE_STDBOOL_H 1
#define TIME_WITH_SYS_TIME 1
#define HAVE_STRNDUP 1
#define HAVE_STRNLEN 1
#define HAVE_GETTIMEOFDAY 1
#define HAVE_USLEEP 1
#define HAVE_VASPRINTF 1
#define IS_CYGWIN 0
#define IS_WIN32 0
#define IS_DARWIN 0
#define BUILD_PARPORT 0
#define BUILD_DUMMY 0
#define BUILD_EP93XX 0
#define BUILD_ZY1000 0
#define BUILD_ZY1000_MASTER 0
#define BUILD_AT91RM9200 0
#define BUILD_BCM2835GPIO 0
#define BUILD_X1000 1
#define PARPORT_USE_PPDEV 1
#define PARPORT_USE_GIVEIO 0
#define BUILD_BITBANG 1
#define BUILD_FT2232_LIBFTDI 0
#define BUILD_FT2232_FTD2XX 0
#define BUILD_USB_BLASTER_LIBFTDI 0
#define BUILD_JTAG_VPI 0
#define BUILD_USB_BLASTER_FTD2XX 0
#define BUILD_AMTJTAGACCEL 0
#define BUILD_GW16012 0
#define BUILD_PRESTO_LIBFTDI 0
#define BUILD_PRESTO_FTD2XX 0
#define BUILD_BITQ 0
#define BUILD_OPENJTAG 0
#define BUILD_OPENJTAG_FTD2XX 0
#define BUILD_OPENJTAG_LIBFTDI 0
#define BUILD_OOCD_TRACE 0
#define BUILD_BUSPIRATE 0
#define BUILD_REMOTE_BITBANG 0
#define BUILD_SYSFSGPIO 0
#define BUILD_HLADAPTER 0
#define _GNU_SOURCE 1

configure: exit 0

## ---------------------- ##
## Running config.status. ##
## ---------------------- ##

This file was extended by openocd config.status 0.10.0.3-imagination, which was
generated by GNU Autoconf 2.69.  Invocation command line was

  CONFIG_FILES    = 
  CONFIG_HEADERS  = 
  CONFIG_LINKS    = 
  CONFIG_COMMANDS = 
  $ ./config.status Makefile

on cpu

config.status:1285: creating Makefile

## ---------------------- ##
## Running config.status. ##
## ---------------------- ##

This file was extended by openocd config.status 0.10.0.3-imagination, which was
generated by GNU Autoconf 2.69.  Invocation command line was

  CONFIG_FILES    = 
  CONFIG_HEADERS  = 
  CONFIG_LINKS    = 
  CONFIG_COMMANDS = 
  $ ./config.status src/Makefile depfiles

on cpu

config.status:1285: creating src/Makefile
config.status:1499: executing depfiles commands

## ---------------------- ##
## Running config.status. ##
## ---------------------- ##

This file was extended by openocd config.status 0.10.0.3-imagination, which was
generated by GNU Autoconf 2.69.  Invocation command line was

  CONFIG_FILES    = 
  CONFIG_HEADERS  = 
  CONFIG_LINKS    = 
  CONFIG_COMMANDS = 
  $ ./config.status src/jtag/Makefile depfiles

on cpu

config.status:1285: creating src/jtag/Makefile
config.status:1499: executing depfiles commands

## ---------------------- ##
## Running config.status. ##
## ---------------------- ##

This file was extended by openocd config.status 0.10.0.3-imagination, which was
generated by GNU Autoconf 2.69.  Invocation command line was

  CONFIG_FILES    = 
  CONFIG_HEADERS  = 
  CONFIG_LINKS    = 
  CONFIG_COMMANDS = 
  $ ./config.status src/helper/Makefile depfiles

on cpu

config.status:1285: creating src/helper/Makefile
config.status:1499: executing depfiles commands

## ---------------------- ##
## Running config.status. ##
## ---------------------- ##

This file was extended by openocd config.status 0.10.0.3-imagination, which was
generated by GNU Autoconf 2.69.  Invocation command line was

  CONFIG_FILES    = 
  CONFIG_HEADERS  = 
  CONFIG_LINKS    = 
  CONFIG_COMMANDS = 
  $ ./config.status src/target/Makefile depfiles

on cpu

config.status:1285: creating src/target/Makefile
config.status:1499: executing depfiles commands

## ---------------------- ##
## Running config.status. ##
## ---------------------- ##

This file was extended by openocd config.status 0.10.0.3-imagination, which was
generated by GNU Autoconf 2.69.  Invocation command line was

  CONFIG_FILES    = 
  CONFIG_HEADERS  = 
  CONFIG_LINKS    = 
  CONFIG_COMMANDS = 
  $ ./config.status src/target/openrisc/Makefile depfiles

on cpu

config.status:1285: creating src/target/openrisc/Makefile
config.status:1499: executing depfiles commands

## ---------------------- ##
## Running config.status. ##
## ---------------------- ##

This file was extended by openocd config.status 0.10.0.3-imagination, which was
generated by GNU Autoconf 2.69.  Invocation command line was

  CONFIG_FILES    = 
  CONFIG_HEADERS  = 
  CONFIG_LINKS    = 
  CONFIG_COMMANDS = 
  $ ./config.status src/transport/Makefile depfiles

on cpu

config.status:1285: creating src/transport/Makefile
config.status:1499: executing depfiles commands

## ---------------------- ##
## Running config.status. ##
## ---------------------- ##

This file was extended by openocd config.status 0.10.0.3-imagination, which was
generated by GNU Autoconf 2.69.  Invocation command line was

  CONFIG_FILES    = 
  CONFIG_HEADERS  = 
  CONFIG_LINKS    = 
  CONFIG_COMMANDS = 
  $ ./config.status src/flash/Makefile depfiles

on cpu

config.status:1285: creating src/flash/Makefile
config.status:1499: executing depfiles commands

## ---------------------- ##
## Running config.status. ##
## ---------------------- ##

This file was extended by openocd config.status 0.10.0.3-imagination, which was
generated by GNU Autoconf 2.69.  Invocation command line was

  CONFIG_FILES    = 
  CONFIG_HEADERS  = 
  CONFIG_LINKS    = 
  CONFIG_COMMANDS = 
  $ ./config.status src/flash/nor/Makefile depfiles

on cpu

config.status:1285: creating src/flash/nor/Makefile
config.status:1499: executing depfiles commands

## ---------------------- ##
## Running config.status. ##
## ---------------------- ##

This file was extended by openocd config.status 0.10.0.3-imagination, which was
generated by GNU Autoconf 2.69.  Invocation command line was

  CONFIG_FILES    = 
  CONFIG_HEADERS  = 
  CONFIG_LINKS    = 
  CONFIG_COMMANDS = 
  $ ./config.status src/flash/nand/Makefile depfiles

on cpu

config.status:1285: creating src/flash/nand/Makefile
config.status:1499: executing depfiles commands

## ---------------------- ##
## Running config.status. ##
## ---------------------- ##

This file was extended by openocd config.status 0.10.0.3-imagination, which was
generated by GNU Autoconf 2.69.  Invocation command line was

  CONFIG_FILES    = 
  CONFIG_HEADERS  = 
  CONFIG_LINKS    = 
  CONFIG_COMMANDS = 
  $ ./config.status src/svf/Makefile depfiles

on cpu

config.status:1285: creating src/svf/Makefile
config.status:1499: executing depfiles commands

## ---------------------- ##
## Running config.status. ##
## ---------------------- ##

This file was extended by openocd config.status 0.10.0.3-imagination, which was
generated by GNU Autoconf 2.69.  Invocation command line was

  CONFIG_FILES    = 
  CONFIG_HEADERS  = 
  CONFIG_LINKS    = 
  CONFIG_COMMANDS = 
  $ ./config.status src/xsvf/Makefile depfiles

on cpu

config.status:1285: creating src/xsvf/Makefile
config.status:1499: executing depfiles commands

## ---------------------- ##
## Running config.status. ##
## ---------------------- ##

This file was extended by openocd config.status 0.10.0.3-imagination, which was
generated by GNU Autoconf 2.69.  Invocation command line was

  CONFIG_FILES    = 
  CONFIG_HEADERS  = 
  CONFIG_LINKS    = 
  CONFIG_COMMANDS = 
  $ ./config.status src/pld/Makefile depfiles

on cpu

config.status:1285: creating src/pld/Makefile
config.status:1499: executing depfiles commands

## ---------------------- ##
## Running config.status. ##
## ---------------------- ##

This file was extended by openocd config.status 0.10.0.3-imagination, which was
generated by GNU Autoconf 2.69.  Invocation command line was

  CONFIG_FILES    = 
  CONFIG_HEADERS  = 
  CONFIG_LINKS    = 
  CONFIG_COMMANDS = 
  $ ./config.status src/server/Makefile depfiles

on cpu

config.status:1285: creating src/server/Makefile
config.status:1499: executing depfiles commands

## ---------------------- ##
## Running config.status. ##
## ---------------------- ##

This file was extended by openocd config.status 0.10.0.3-imagination, which was
generated by GNU Autoconf 2.69.  Invocation command line was

  CONFIG_FILES    = 
  CONFIG_HEADERS  = 
  CONFIG_LINKS    = 
  CONFIG_COMMANDS = 
  $ ./config.status src/rtos/Makefile depfiles

on cpu

config.status:1285: creating src/rtos/Makefile
config.status:1499: executing depfiles commands

## ---------------------- ##
## Running config.status. ##
## ---------------------- ##

This file was extended by openocd config.status 0.10.0.3-imagination, which was
generated by GNU Autoconf 2.69.  Invocation command line was

  CONFIG_FILES    = 
  CONFIG_HEADERS  = 
  CONFIG_LINKS    = 
  CONFIG_COMMANDS = 
  $ ./config.status doc/Makefile

on cpu

config.status:1285: creating doc/Makefile
